[2024-02-24T11:27:36.355Z] [31merror[39m: uncaughtException: __dirname is not defined in ES module scope
This file is being treated as an ES module because it has a '.js' file extension and '/Users/pavitarsharma/Desktop/ajay/server/package.json' contains "type": "module". To treat it as a CommonJS script, rename it to use the '.cjs' file extension.
ReferenceError: __dirname is not defined in ES module scope
This file is being treated as an ES module because it has a '.js' file extension and '/Users/pavitarsharma/Desktop/ajay/server/package.json' contains "type": "module". To treat it as a CommonJS script, rename it to use the '.cjs' file extension.
    at file:///Users/pavitarsharma/Desktop/ajay/server/src/server.js:24:34
    at ModuleJob.run (node:internal/modules/esm/module_job:218:25)
    at async ModuleLoader.import (node:internal/modules/esm/loader:323:24)
    at async loadESM (node:internal/process/esm_loader:28:7)
    at async handleMainPromise (node:internal/modules/run_main:120:12)
[2024-02-24T11:27:49.622Z] [31merror[39m: uncaughtException: __dirname is not defined in ES module scope
This file is being treated as an ES module because it has a '.js' file extension and '/Users/pavitarsharma/Desktop/ajay/server/package.json' contains "type": "module". To treat it as a CommonJS script, rename it to use the '.cjs' file extension.
ReferenceError: __dirname is not defined in ES module scope
This file is being treated as an ES module because it has a '.js' file extension and '/Users/pavitarsharma/Desktop/ajay/server/package.json' contains "type": "module". To treat it as a CommonJS script, rename it to use the '.cjs' file extension.
    at file:///Users/pavitarsharma/Desktop/ajay/server/src/server.js:24:34
    at ModuleJob.run (node:internal/modules/esm/module_job:218:25)
    at async ModuleLoader.import (node:internal/modules/esm/loader:323:24)
    at async loadESM (node:internal/process/esm_loader:28:7)
    at async handleMainPromise (node:internal/modules/run_main:120:12)
[2024-02-24T11:28:11.742Z] [31merror[39m: uncaughtException: __dirname is not defined in ES module scope
This file is being treated as an ES module because it has a '.js' file extension and '/Users/pavitarsharma/Desktop/ajay/server/package.json' contains "type": "module". To treat it as a CommonJS script, rename it to use the '.cjs' file extension.
ReferenceError: __dirname is not defined in ES module scope
This file is being treated as an ES module because it has a '.js' file extension and '/Users/pavitarsharma/Desktop/ajay/server/package.json' contains "type": "module". To treat it as a CommonJS script, rename it to use the '.cjs' file extension.
    at file:///Users/pavitarsharma/Desktop/ajay/server/src/server.js:24:34
    at ModuleJob.run (node:internal/modules/esm/module_job:218:25)
    at async ModuleLoader.import (node:internal/modules/esm/loader:323:24)
    at async loadESM (node:internal/process/esm_loader:28:7)
    at async handleMainPromise (node:internal/modules/run_main:120:12)
[2024-02-24T11:29:08.099Z] [31merror[39m: uncaughtException: __dirname is not defined in ES module scope
This file is being treated as an ES module because it has a '.js' file extension and '/Users/pavitarsharma/Desktop/ajay/server/package.json' contains "type": "module". To treat it as a CommonJS script, rename it to use the '.cjs' file extension.
ReferenceError: __dirname is not defined in ES module scope
This file is being treated as an ES module because it has a '.js' file extension and '/Users/pavitarsharma/Desktop/ajay/server/package.json' contains "type": "module". To treat it as a CommonJS script, rename it to use the '.cjs' file extension.
    at file:///Users/pavitarsharma/Desktop/ajay/server/src/server.js:24:34
    at ModuleJob.run (node:internal/modules/esm/module_job:218:25)
    at async ModuleLoader.import (node:internal/modules/esm/loader:323:24)
    at async loadESM (node:internal/process/esm_loader:28:7)
    at async handleMainPromise (node:internal/modules/run_main:120:12)
[2024-02-24T11:29:14.660Z] [31merror[39m: uncaughtException: __dirname is not defined in ES module scope
This file is being treated as an ES module because it has a '.js' file extension and '/Users/pavitarsharma/Desktop/ajay/server/package.json' contains "type": "module". To treat it as a CommonJS script, rename it to use the '.cjs' file extension.
ReferenceError: __dirname is not defined in ES module scope
This file is being treated as an ES module because it has a '.js' file extension and '/Users/pavitarsharma/Desktop/ajay/server/package.json' contains "type": "module". To treat it as a CommonJS script, rename it to use the '.cjs' file extension.
    at file:///Users/pavitarsharma/Desktop/ajay/server/src/server.js:24:34
    at ModuleJob.run (node:internal/modules/esm/module_job:218:25)
    at async ModuleLoader.import (node:internal/modules/esm/loader:323:24)
    at async loadESM (node:internal/process/esm_loader:28:7)
    at async handleMainPromise (node:internal/modules/run_main:120:12)
[2024-02-24T11:29:42.438Z] [31merror[39m: uncaughtException: __dirname is not defined in ES module scope
This file is being treated as an ES module because it has a '.js' file extension and '/Users/pavitarsharma/Desktop/ajay/server/package.json' contains "type": "module". To treat it as a CommonJS script, rename it to use the '.cjs' file extension.
ReferenceError: __dirname is not defined in ES module scope
This file is being treated as an ES module because it has a '.js' file extension and '/Users/pavitarsharma/Desktop/ajay/server/package.json' contains "type": "module". To treat it as a CommonJS script, rename it to use the '.cjs' file extension.
    at file:///Users/pavitarsharma/Desktop/ajay/server/src/server.js:24:34
    at ModuleJob.run (node:internal/modules/esm/module_job:218:25)
    at async ModuleLoader.import (node:internal/modules/esm/loader:323:24)
    at async loadESM (node:internal/process/esm_loader:28:7)
    at async handleMainPromise (node:internal/modules/run_main:120:12)
[2024-02-24T11:30:30.768Z] [31merror[39m: uncaughtException: __dirname is not defined in ES module scope
This file is being treated as an ES module because it has a '.js' file extension and '/Users/pavitarsharma/Desktop/ajay/server/package.json' contains "type": "module". To treat it as a CommonJS script, rename it to use the '.cjs' file extension.
ReferenceError: __dirname is not defined in ES module scope
This file is being treated as an ES module because it has a '.js' file extension and '/Users/pavitarsharma/Desktop/ajay/server/package.json' contains "type": "module". To treat it as a CommonJS script, rename it to use the '.cjs' file extension.
    at file:///Users/pavitarsharma/Desktop/ajay/server/src/server.js:24:34
    at ModuleJob.run (node:internal/modules/esm/module_job:218:25)
    at async ModuleLoader.import (node:internal/modules/esm/loader:323:24)
    at async loadESM (node:internal/process/esm_loader:28:7)
    at async handleMainPromise (node:internal/modules/run_main:120:12)
[2024-02-24T11:30:37.980Z] [31merror[39m: uncaughtException: __dirname is not defined in ES module scope
This file is being treated as an ES module because it has a '.js' file extension and '/Users/pavitarsharma/Desktop/ajay/server/package.json' contains "type": "module". To treat it as a CommonJS script, rename it to use the '.cjs' file extension.
ReferenceError: __dirname is not defined in ES module scope
This file is being treated as an ES module because it has a '.js' file extension and '/Users/pavitarsharma/Desktop/ajay/server/package.json' contains "type": "module". To treat it as a CommonJS script, rename it to use the '.cjs' file extension.
    at file:///Users/pavitarsharma/Desktop/ajay/server/src/server.js:24:34
    at ModuleJob.run (node:internal/modules/esm/module_job:218:25)
    at async ModuleLoader.import (node:internal/modules/esm/loader:323:24)
    at async loadESM (node:internal/process/esm_loader:28:7)
    at async handleMainPromise (node:internal/modules/run_main:120:12)
[2024-02-24T11:31:58.877Z] [31merror[39m: uncaughtException: __dirname is not defined in ES module scope
This file is being treated as an ES module because it has a '.js' file extension and '/Users/pavitarsharma/Desktop/ajay/server/package.json' contains "type": "module". To treat it as a CommonJS script, rename it to use the '.cjs' file extension.
ReferenceError: __dirname is not defined in ES module scope
This file is being treated as an ES module because it has a '.js' file extension and '/Users/pavitarsharma/Desktop/ajay/server/package.json' contains "type": "module". To treat it as a CommonJS script, rename it to use the '.cjs' file extension.
    at file:///Users/pavitarsharma/Desktop/ajay/server/src/server.js:24:34
    at ModuleJob.run (node:internal/modules/esm/module_job:218:25)
    at async ModuleLoader.import (node:internal/modules/esm/loader:323:24)
    at async loadESM (node:internal/process/esm_loader:28:7)
    at async handleMainPromise (node:internal/modules/run_main:120:12)
[2024-02-24T11:32:07.117Z] [31merror[39m: uncaughtException: __dirname is not defined in ES module scope
This file is being treated as an ES module because it has a '.js' file extension and '/Users/pavitarsharma/Desktop/ajay/server/package.json' contains "type": "module". To treat it as a CommonJS script, rename it to use the '.cjs' file extension.
ReferenceError: __dirname is not defined in ES module scope
This file is being treated as an ES module because it has a '.js' file extension and '/Users/pavitarsharma/Desktop/ajay/server/package.json' contains "type": "module". To treat it as a CommonJS script, rename it to use the '.cjs' file extension.
    at file:///Users/pavitarsharma/Desktop/ajay/server/src/server.js:24:34
    at ModuleJob.run (node:internal/modules/esm/module_job:218:25)
    at async ModuleLoader.import (node:internal/modules/esm/loader:323:24)
    at async loadESM (node:internal/process/esm_loader:28:7)
    at async handleMainPromise (node:internal/modules/run_main:120:12)
[2024-02-24T11:32:29.926Z] [31merror[39m: uncaughtException: __dirname is not defined in ES module scope
This file is being treated as an ES module because it has a '.js' file extension and '/Users/pavitarsharma/Desktop/ajay/server/package.json' contains "type": "module". To treat it as a CommonJS script, rename it to use the '.cjs' file extension.
ReferenceError: __dirname is not defined in ES module scope
This file is being treated as an ES module because it has a '.js' file extension and '/Users/pavitarsharma/Desktop/ajay/server/package.json' contains "type": "module". To treat it as a CommonJS script, rename it to use the '.cjs' file extension.
    at file:///Users/pavitarsharma/Desktop/ajay/server/src/server.js:24:34
    at ModuleJob.run (node:internal/modules/esm/module_job:218:25)
    at async ModuleLoader.import (node:internal/modules/esm/loader:323:24)
    at async loadESM (node:internal/process/esm_loader:28:7)
    at async handleMainPromise (node:internal/modules/run_main:120:12)
[2024-02-24T11:32:41.554Z] [31merror[39m: uncaughtException: __dirname is not defined in ES module scope
This file is being treated as an ES module because it has a '.js' file extension and '/Users/pavitarsharma/Desktop/ajay/server/package.json' contains "type": "module". To treat it as a CommonJS script, rename it to use the '.cjs' file extension.
ReferenceError: __dirname is not defined in ES module scope
This file is being treated as an ES module because it has a '.js' file extension and '/Users/pavitarsharma/Desktop/ajay/server/package.json' contains "type": "module". To treat it as a CommonJS script, rename it to use the '.cjs' file extension.
    at file:///Users/pavitarsharma/Desktop/ajay/server/src/server.js:24:34
    at ModuleJob.run (node:internal/modules/esm/module_job:218:25)
    at async ModuleLoader.import (node:internal/modules/esm/loader:323:24)
    at async loadESM (node:internal/process/esm_loader:28:7)
    at async handleMainPromise (node:internal/modules/run_main:120:12)
[2024-02-24T11:33:06.997Z] [31merror[39m: uncaughtException: __dirname is not defined in ES module scope
This file is being treated as an ES module because it has a '.js' file extension and '/Users/pavitarsharma/Desktop/ajay/server/package.json' contains "type": "module". To treat it as a CommonJS script, rename it to use the '.cjs' file extension.
ReferenceError: __dirname is not defined in ES module scope
This file is being treated as an ES module because it has a '.js' file extension and '/Users/pavitarsharma/Desktop/ajay/server/package.json' contains "type": "module". To treat it as a CommonJS script, rename it to use the '.cjs' file extension.
    at file:///Users/pavitarsharma/Desktop/ajay/server/src/server.js:24:34
    at ModuleJob.run (node:internal/modules/esm/module_job:218:25)
    at async ModuleLoader.import (node:internal/modules/esm/loader:323:24)
    at async loadESM (node:internal/process/esm_loader:28:7)
    at async handleMainPromise (node:internal/modules/run_main:120:12)
[2024-02-24T11:33:17.265Z] [31merror[39m: uncaughtException: __dirname is not defined in ES module scope
This file is being treated as an ES module because it has a '.js' file extension and '/Users/pavitarsharma/Desktop/ajay/server/package.json' contains "type": "module". To treat it as a CommonJS script, rename it to use the '.cjs' file extension.
ReferenceError: __dirname is not defined in ES module scope
This file is being treated as an ES module because it has a '.js' file extension and '/Users/pavitarsharma/Desktop/ajay/server/package.json' contains "type": "module". To treat it as a CommonJS script, rename it to use the '.cjs' file extension.
    at file:///Users/pavitarsharma/Desktop/ajay/server/src/server.js:24:34
    at ModuleJob.run (node:internal/modules/esm/module_job:218:25)
    at async ModuleLoader.import (node:internal/modules/esm/loader:323:24)
    at async loadESM (node:internal/process/esm_loader:28:7)
    at async handleMainPromise (node:internal/modules/run_main:120:12)
[2024-02-24T11:33:25.516Z] [31merror[39m: uncaughtException: __dirname is not defined in ES module scope
This file is being treated as an ES module because it has a '.js' file extension and '/Users/pavitarsharma/Desktop/ajay/server/package.json' contains "type": "module". To treat it as a CommonJS script, rename it to use the '.cjs' file extension.
ReferenceError: __dirname is not defined in ES module scope
This file is being treated as an ES module because it has a '.js' file extension and '/Users/pavitarsharma/Desktop/ajay/server/package.json' contains "type": "module". To treat it as a CommonJS script, rename it to use the '.cjs' file extension.
    at file:///Users/pavitarsharma/Desktop/ajay/server/src/server.js:24:34
    at ModuleJob.run (node:internal/modules/esm/module_job:218:25)
    at async ModuleLoader.import (node:internal/modules/esm/loader:323:24)
    at async loadESM (node:internal/process/esm_loader:28:7)
    at async handleMainPromise (node:internal/modules/run_main:120:12)
[2024-02-24T11:33:36.195Z] [31merror[39m: uncaughtException: __dirname is not defined in ES module scope
This file is being treated as an ES module because it has a '.js' file extension and '/Users/pavitarsharma/Desktop/ajay/server/package.json' contains "type": "module". To treat it as a CommonJS script, rename it to use the '.cjs' file extension.
ReferenceError: __dirname is not defined in ES module scope
This file is being treated as an ES module because it has a '.js' file extension and '/Users/pavitarsharma/Desktop/ajay/server/package.json' contains "type": "module". To treat it as a CommonJS script, rename it to use the '.cjs' file extension.
    at file:///Users/pavitarsharma/Desktop/ajay/server/src/server.js:24:34
    at ModuleJob.run (node:internal/modules/esm/module_job:218:25)
    at async ModuleLoader.import (node:internal/modules/esm/loader:323:24)
    at async loadESM (node:internal/process/esm_loader:28:7)
    at async handleMainPromise (node:internal/modules/run_main:120:12)
[2024-02-24T11:34:31.760Z] [31merror[39m: uncaughtException: __dirname is not defined in ES module scope
This file is being treated as an ES module because it has a '.js' file extension and '/Users/pavitarsharma/Desktop/ajay/server/package.json' contains "type": "module". To treat it as a CommonJS script, rename it to use the '.cjs' file extension.
ReferenceError: __dirname is not defined in ES module scope
This file is being treated as an ES module because it has a '.js' file extension and '/Users/pavitarsharma/Desktop/ajay/server/package.json' contains "type": "module". To treat it as a CommonJS script, rename it to use the '.cjs' file extension.
    at file:///Users/pavitarsharma/Desktop/ajay/server/src/server.js:24:34
    at ModuleJob.run (node:internal/modules/esm/module_job:218:25)
    at async ModuleLoader.import (node:internal/modules/esm/loader:323:24)
    at async loadESM (node:internal/process/esm_loader:28:7)
    at async handleMainPromise (node:internal/modules/run_main:120:12)
[2024-02-24T11:34:44.820Z] [31merror[39m: uncaughtException: __dirname is not defined in ES module scope
This file is being treated as an ES module because it has a '.js' file extension and '/Users/pavitarsharma/Desktop/ajay/server/package.json' contains "type": "module". To treat it as a CommonJS script, rename it to use the '.cjs' file extension.
ReferenceError: __dirname is not defined in ES module scope
This file is being treated as an ES module because it has a '.js' file extension and '/Users/pavitarsharma/Desktop/ajay/server/package.json' contains "type": "module". To treat it as a CommonJS script, rename it to use the '.cjs' file extension.
    at file:///Users/pavitarsharma/Desktop/ajay/server/src/server.js:24:34
    at ModuleJob.run (node:internal/modules/esm/module_job:218:25)
    at async ModuleLoader.import (node:internal/modules/esm/loader:323:24)
    at async loadESM (node:internal/process/esm_loader:28:7)
    at async handleMainPromise (node:internal/modules/run_main:120:12)
[2024-02-24T11:37:13.210Z] [31merror[39m: uncaughtException: __dirname is not defined in ES module scope
This file is being treated as an ES module because it has a '.js' file extension and '/Users/pavitarsharma/Desktop/ajay/server/package.json' contains "type": "module". To treat it as a CommonJS script, rename it to use the '.cjs' file extension.
ReferenceError: __dirname is not defined in ES module scope
This file is being treated as an ES module because it has a '.js' file extension and '/Users/pavitarsharma/Desktop/ajay/server/package.json' contains "type": "module". To treat it as a CommonJS script, rename it to use the '.cjs' file extension.
    at file:///Users/pavitarsharma/Desktop/ajay/server/src/server.js:24:34
    at ModuleJob.run (node:internal/modules/esm/module_job:218:25)
    at async ModuleLoader.import (node:internal/modules/esm/loader:323:24)
    at async loadESM (node:internal/process/esm_loader:28:7)
    at async handleMainPromise (node:internal/modules/run_main:120:12)
[2024-02-24T11:37:38.845Z] [31merror[39m: uncaughtException: __dirname is not defined in ES module scope
This file is being treated as an ES module because it has a '.js' file extension and '/Users/pavitarsharma/Desktop/ajay/server/package.json' contains "type": "module". To treat it as a CommonJS script, rename it to use the '.cjs' file extension.
ReferenceError: __dirname is not defined in ES module scope
This file is being treated as an ES module because it has a '.js' file extension and '/Users/pavitarsharma/Desktop/ajay/server/package.json' contains "type": "module". To treat it as a CommonJS script, rename it to use the '.cjs' file extension.
    at file:///Users/pavitarsharma/Desktop/ajay/server/src/server.js:24:34
    at ModuleJob.run (node:internal/modules/esm/module_job:218:25)
    at async ModuleLoader.import (node:internal/modules/esm/loader:323:24)
    at async loadESM (node:internal/process/esm_loader:28:7)
    at async handleMainPromise (node:internal/modules/run_main:120:12)
[2024-02-24T11:38:43.309Z] [31merror[39m: uncaughtException: __dirname is not defined in ES module scope
This file is being treated as an ES module because it has a '.js' file extension and '/Users/pavitarsharma/Desktop/ajay/server/package.json' contains "type": "module". To treat it as a CommonJS script, rename it to use the '.cjs' file extension.
ReferenceError: __dirname is not defined in ES module scope
This file is being treated as an ES module because it has a '.js' file extension and '/Users/pavitarsharma/Desktop/ajay/server/package.json' contains "type": "module". To treat it as a CommonJS script, rename it to use the '.cjs' file extension.
    at file:///Users/pavitarsharma/Desktop/ajay/server/src/server.js:24:34
    at ModuleJob.run (node:internal/modules/esm/module_job:218:25)
    at async ModuleLoader.import (node:internal/modules/esm/loader:323:24)
    at async loadESM (node:internal/process/esm_loader:28:7)
    at async handleMainPromise (node:internal/modules/run_main:120:12)
[2024-02-24T11:40:48.232Z] [31merror[39m: uncaughtException: __dirname is not defined in ES module scope
This file is being treated as an ES module because it has a '.js' file extension and '/Users/pavitarsharma/Desktop/ajay/server/package.json' contains "type": "module". To treat it as a CommonJS script, rename it to use the '.cjs' file extension.
ReferenceError: __dirname is not defined in ES module scope
This file is being treated as an ES module because it has a '.js' file extension and '/Users/pavitarsharma/Desktop/ajay/server/package.json' contains "type": "module". To treat it as a CommonJS script, rename it to use the '.cjs' file extension.
    at file:///Users/pavitarsharma/Desktop/ajay/server/src/server.js:24:34
    at ModuleJob.run (node:internal/modules/esm/module_job:218:25)
    at async ModuleLoader.import (node:internal/modules/esm/loader:323:24)
    at async loadESM (node:internal/process/esm_loader:28:7)
    at async handleMainPromise (node:internal/modules/run_main:120:12)
[2024-02-24T11:44:48.697Z] [31merror[39m: unhandledRejection: logger is not defined
ReferenceError: logger is not defined
    at verifyEmail (file:///Users/pavitarsharma/Desktop/ajay/server/src/controllers/customer.controller.js:60:5)
    at process.processTicksAndRejections (node:internal/process/task_queues:95:5)
[2024-02-24T12:04:55.189Z] [31merror[39m: unhandledRejection: jwt malformed
JsonWebTokenError: jwt malformed
    at module.exports [as verify] (/Users/pavitarsharma/Desktop/ajay/server/node_modules/jsonwebtoken/verify.js:70:17)
    at isAuthenticated (file:///Users/pavitarsharma/Desktop/ajay/server/src/middlewares/auth.js:20:23)
    at Layer.handle [as handle_request] (/Users/pavitarsharma/Desktop/ajay/server/node_modules/express/lib/router/layer.js:95:5)
    at trim_prefix (/Users/pavitarsharma/Desktop/ajay/server/node_modules/express/lib/router/index.js:328:13)
    at /Users/pavitarsharma/Desktop/ajay/server/node_modules/express/lib/router/index.js:286:9
    at Function.process_params (/Users/pavitarsharma/Desktop/ajay/server/node_modules/express/lib/router/index.js:346:12)
    at next (/Users/pavitarsharma/Desktop/ajay/server/node_modules/express/lib/router/index.js:280:10)
    at Function.handle (/Users/pavitarsharma/Desktop/ajay/server/node_modules/express/lib/router/index.js:175:3)
    at router (/Users/pavitarsharma/Desktop/ajay/server/node_modules/express/lib/router/index.js:47:12)
    at Layer.handle [as handle_request] (/Users/pavitarsharma/Desktop/ajay/server/node_modules/express/lib/router/layer.js:95:5)
[2024-02-24T15:43:03.367Z] [31merror[39m: unhandledRejection: jwt malformed
JsonWebTokenError: jwt malformed
    at module.exports [as verify] (/Users/pavitarsharma/Desktop/ajay/server/node_modules/jsonwebtoken/verify.js:70:17)
    at isAuthenticated (file:///Users/pavitarsharma/Desktop/ajay/server/src/middlewares/auth.js:20:23)
    at Layer.handle [as handle_request] (/Users/pavitarsharma/Desktop/ajay/server/node_modules/express/lib/router/layer.js:95:5)
    at trim_prefix (/Users/pavitarsharma/Desktop/ajay/server/node_modules/express/lib/router/index.js:328:13)
    at /Users/pavitarsharma/Desktop/ajay/server/node_modules/express/lib/router/index.js:286:9
    at Function.process_params (/Users/pavitarsharma/Desktop/ajay/server/node_modules/express/lib/router/index.js:346:12)
    at next (/Users/pavitarsharma/Desktop/ajay/server/node_modules/express/lib/router/index.js:280:10)
    at Function.handle (/Users/pavitarsharma/Desktop/ajay/server/node_modules/express/lib/router/index.js:175:3)
    at router (/Users/pavitarsharma/Desktop/ajay/server/node_modules/express/lib/router/index.js:47:12)
    at Layer.handle [as handle_request] (/Users/pavitarsharma/Desktop/ajay/server/node_modules/express/lib/router/layer.js:95:5)
[2024-02-24T15:44:01.221Z] [31merror[39m: unhandledRejection: jwt malformed
JsonWebTokenError: jwt malformed
    at module.exports [as verify] (/Users/pavitarsharma/Desktop/ajay/server/node_modules/jsonwebtoken/verify.js:70:17)
    at isAuthenticated (file:///Users/pavitarsharma/Desktop/ajay/server/src/middlewares/auth.js:20:23)
    at Layer.handle [as handle_request] (/Users/pavitarsharma/Desktop/ajay/server/node_modules/express/lib/router/layer.js:95:5)
    at trim_prefix (/Users/pavitarsharma/Desktop/ajay/server/node_modules/express/lib/router/index.js:328:13)
    at /Users/pavitarsharma/Desktop/ajay/server/node_modules/express/lib/router/index.js:286:9
    at Function.process_params (/Users/pavitarsharma/Desktop/ajay/server/node_modules/express/lib/router/index.js:346:12)
    at next (/Users/pavitarsharma/Desktop/ajay/server/node_modules/express/lib/router/index.js:280:10)
    at Function.handle (/Users/pavitarsharma/Desktop/ajay/server/node_modules/express/lib/router/index.js:175:3)
    at router (/Users/pavitarsharma/Desktop/ajay/server/node_modules/express/lib/router/index.js:47:12)
    at Layer.handle [as handle_request] (/Users/pavitarsharma/Desktop/ajay/server/node_modules/express/lib/router/layer.js:95:5)
[2024-02-24T15:47:43.537Z] [31merror[39m: uncaughtException: string is not defined
ReferenceError: string is not defined
    at file:///Users/pavitarsharma/Desktop/ajay/server/src/models/product.model.js:26:20
    at ModuleJob.run (node:internal/modules/esm/module_job:218:25)
    at async ModuleLoader.import (node:internal/modules/esm/loader:323:24)
    at async loadESM (node:internal/process/esm_loader:28:7)
    at async handleMainPromise (node:internal/modules/run_main:120:12)
[2024-02-24T15:48:58.752Z] [31merror[39m: uncaughtException: string is not defined
ReferenceError: string is not defined
    at file:///Users/pavitarsharma/Desktop/ajay/server/src/models/product.model.js:27:20
    at ModuleJob.run (node:internal/modules/esm/module_job:218:25)
    at async ModuleLoader.import (node:internal/modules/esm/loader:323:24)
    at async loadESM (node:internal/process/esm_loader:28:7)
    at async handleMainPromise (node:internal/modules/run_main:120:12)
[2024-02-24T15:50:04.958Z] [31merror[39m: uncaughtException: string is not defined
ReferenceError: string is not defined
    at file:///Users/pavitarsharma/Desktop/ajay/server/src/models/product.model.js:28:20
    at ModuleJob.run (node:internal/modules/esm/module_job:218:25)
    at async ModuleLoader.import (node:internal/modules/esm/loader:323:24)
    at async loadESM (node:internal/process/esm_loader:28:7)
    at async handleMainPromise (node:internal/modules/run_main:120:12)
[2024-02-24T15:50:08.637Z] [31merror[39m: uncaughtException: string is not defined
ReferenceError: string is not defined
    at file:///Users/pavitarsharma/Desktop/ajay/server/src/models/product.model.js:28:20
    at ModuleJob.run (node:internal/modules/esm/module_job:218:25)
    at async ModuleLoader.import (node:internal/modules/esm/loader:323:24)
    at async loadESM (node:internal/process/esm_loader:28:7)
    at async handleMainPromise (node:internal/modules/run_main:120:12)
[2024-02-24T16:33:02.438Z] [31merror[39m: unhandledRejection: jwt malformed
JsonWebTokenError: jwt malformed
    at module.exports [as verify] (/Users/pavitarsharma/Desktop/ajay/server/node_modules/jsonwebtoken/verify.js:70:17)
    at isAuthenticated (file:///Users/pavitarsharma/Desktop/ajay/server/src/middlewares/auth.js:20:23)
    at Layer.handle [as handle_request] (/Users/pavitarsharma/Desktop/ajay/server/node_modules/express/lib/router/layer.js:95:5)
    at trim_prefix (/Users/pavitarsharma/Desktop/ajay/server/node_modules/express/lib/router/index.js:328:13)
    at /Users/pavitarsharma/Desktop/ajay/server/node_modules/express/lib/router/index.js:286:9
    at Function.process_params (/Users/pavitarsharma/Desktop/ajay/server/node_modules/express/lib/router/index.js:346:12)
    at next (/Users/pavitarsharma/Desktop/ajay/server/node_modules/express/lib/router/index.js:280:10)
    at Function.handle (/Users/pavitarsharma/Desktop/ajay/server/node_modules/express/lib/router/index.js:175:3)
    at router (/Users/pavitarsharma/Desktop/ajay/server/node_modules/express/lib/router/index.js:47:12)
    at Layer.handle [as handle_request] (/Users/pavitarsharma/Desktop/ajay/server/node_modules/express/lib/router/layer.js:95:5)
[2024-02-24T16:35:52.513Z] [31merror[39m: unhandledRejection: jwt malformed
JsonWebTokenError: jwt malformed
    at module.exports [as verify] (/Users/pavitarsharma/Desktop/ajay/server/node_modules/jsonwebtoken/verify.js:70:17)
    at isAuthenticated (file:///Users/pavitarsharma/Desktop/ajay/server/src/middlewares/auth.js:20:23)
    at Layer.handle [as handle_request] (/Users/pavitarsharma/Desktop/ajay/server/node_modules/express/lib/router/layer.js:95:5)
    at trim_prefix (/Users/pavitarsharma/Desktop/ajay/server/node_modules/express/lib/router/index.js:328:13)
    at /Users/pavitarsharma/Desktop/ajay/server/node_modules/express/lib/router/index.js:286:9
    at Function.process_params (/Users/pavitarsharma/Desktop/ajay/server/node_modules/express/lib/router/index.js:346:12)
    at next (/Users/pavitarsharma/Desktop/ajay/server/node_modules/express/lib/router/index.js:280:10)
    at Function.handle (/Users/pavitarsharma/Desktop/ajay/server/node_modules/express/lib/router/index.js:175:3)
    at router (/Users/pavitarsharma/Desktop/ajay/server/node_modules/express/lib/router/index.js:47:12)
    at Layer.handle [as handle_request] (/Users/pavitarsharma/Desktop/ajay/server/node_modules/express/lib/router/layer.js:95:5)
[2024-02-24T16:35:59.566Z] [31merror[39m: unhandledRejection: jwt malformed
JsonWebTokenError: jwt malformed
    at module.exports [as verify] (/Users/pavitarsharma/Desktop/ajay/server/node_modules/jsonwebtoken/verify.js:70:17)
    at isAuthenticated (file:///Users/pavitarsharma/Desktop/ajay/server/src/middlewares/auth.js:20:23)
    at Layer.handle [as handle_request] (/Users/pavitarsharma/Desktop/ajay/server/node_modules/express/lib/router/layer.js:95:5)
    at trim_prefix (/Users/pavitarsharma/Desktop/ajay/server/node_modules/express/lib/router/index.js:328:13)
    at /Users/pavitarsharma/Desktop/ajay/server/node_modules/express/lib/router/index.js:286:9
    at Function.process_params (/Users/pavitarsharma/Desktop/ajay/server/node_modules/express/lib/router/index.js:346:12)
    at next (/Users/pavitarsharma/Desktop/ajay/server/node_modules/express/lib/router/index.js:280:10)
    at Function.handle (/Users/pavitarsharma/Desktop/ajay/server/node_modules/express/lib/router/index.js:175:3)
    at router (/Users/pavitarsharma/Desktop/ajay/server/node_modules/express/lib/router/index.js:47:12)
    at Layer.handle [as handle_request] (/Users/pavitarsharma/Desktop/ajay/server/node_modules/express/lib/router/layer.js:95:5)
[2024-02-24T16:36:26.029Z] [31merror[39m: unhandledRejection: jwt malformed
JsonWebTokenError: jwt malformed
    at module.exports [as verify] (/Users/pavitarsharma/Desktop/ajay/server/node_modules/jsonwebtoken/verify.js:70:17)
    at isAuthenticated (file:///Users/pavitarsharma/Desktop/ajay/server/src/middlewares/auth.js:20:23)
    at Layer.handle [as handle_request] (/Users/pavitarsharma/Desktop/ajay/server/node_modules/express/lib/router/layer.js:95:5)
    at trim_prefix (/Users/pavitarsharma/Desktop/ajay/server/node_modules/express/lib/router/index.js:328:13)
    at /Users/pavitarsharma/Desktop/ajay/server/node_modules/express/lib/router/index.js:286:9
    at Function.process_params (/Users/pavitarsharma/Desktop/ajay/server/node_modules/express/lib/router/index.js:346:12)
    at next (/Users/pavitarsharma/Desktop/ajay/server/node_modules/express/lib/router/index.js:280:10)
    at Function.handle (/Users/pavitarsharma/Desktop/ajay/server/node_modules/express/lib/router/index.js:175:3)
    at router (/Users/pavitarsharma/Desktop/ajay/server/node_modules/express/lib/router/index.js:47:12)
    at Layer.handle [as handle_request] (/Users/pavitarsharma/Desktop/ajay/server/node_modules/express/lib/router/layer.js:95:5)
[2024-02-24T16:36:55.231Z] [31merror[39m: unhandledRejection: jwt malformed
JsonWebTokenError: jwt malformed
    at module.exports [as verify] (/Users/pavitarsharma/Desktop/ajay/server/node_modules/jsonwebtoken/verify.js:70:17)
    at isAuthenticated (file:///Users/pavitarsharma/Desktop/ajay/server/src/middlewares/auth.js:20:23)
    at Layer.handle [as handle_request] (/Users/pavitarsharma/Desktop/ajay/server/node_modules/express/lib/router/layer.js:95:5)
    at trim_prefix (/Users/pavitarsharma/Desktop/ajay/server/node_modules/express/lib/router/index.js:328:13)
    at /Users/pavitarsharma/Desktop/ajay/server/node_modules/express/lib/router/index.js:286:9
    at Function.process_params (/Users/pavitarsharma/Desktop/ajay/server/node_modules/express/lib/router/index.js:346:12)
    at next (/Users/pavitarsharma/Desktop/ajay/server/node_modules/express/lib/router/index.js:280:10)
    at Function.handle (/Users/pavitarsharma/Desktop/ajay/server/node_modules/express/lib/router/index.js:175:3)
    at router (/Users/pavitarsharma/Desktop/ajay/server/node_modules/express/lib/router/index.js:47:12)
    at Layer.handle [as handle_request] (/Users/pavitarsharma/Desktop/ajay/server/node_modules/express/lib/router/layer.js:95:5)
[2024-02-24T16:41:35.868Z] [31merror[39m: unhandledRejection: jwt malformed
JsonWebTokenError: jwt malformed
    at module.exports [as verify] (/Users/pavitarsharma/Desktop/ajay/server/node_modules/jsonwebtoken/verify.js:70:17)
    at isAuthenticated (file:///Users/pavitarsharma/Desktop/ajay/server/src/middlewares/auth.js:20:23)
    at Layer.handle [as handle_request] (/Users/pavitarsharma/Desktop/ajay/server/node_modules/express/lib/router/layer.js:95:5)
    at trim_prefix (/Users/pavitarsharma/Desktop/ajay/server/node_modules/express/lib/router/index.js:328:13)
    at /Users/pavitarsharma/Desktop/ajay/server/node_modules/express/lib/router/index.js:286:9
    at Function.process_params (/Users/pavitarsharma/Desktop/ajay/server/node_modules/express/lib/router/index.js:346:12)
    at next (/Users/pavitarsharma/Desktop/ajay/server/node_modules/express/lib/router/index.js:280:10)
    at Function.handle (/Users/pavitarsharma/Desktop/ajay/server/node_modules/express/lib/router/index.js:175:3)
    at router (/Users/pavitarsharma/Desktop/ajay/server/node_modules/express/lib/router/index.js:47:12)
    at Layer.handle [as handle_request] (/Users/pavitarsharma/Desktop/ajay/server/node_modules/express/lib/router/layer.js:95:5)
[2024-02-24T16:43:07.457Z] [31merror[39m: unhandledRejection: jwt malformed
JsonWebTokenError: jwt malformed
    at module.exports [as verify] (/Users/pavitarsharma/Desktop/ajay/server/node_modules/jsonwebtoken/verify.js:70:17)
    at isAuthenticated (file:///Users/pavitarsharma/Desktop/ajay/server/src/middlewares/auth.js:20:23)
    at Layer.handle [as handle_request] (/Users/pavitarsharma/Desktop/ajay/server/node_modules/express/lib/router/layer.js:95:5)
    at trim_prefix (/Users/pavitarsharma/Desktop/ajay/server/node_modules/express/lib/router/index.js:328:13)
    at /Users/pavitarsharma/Desktop/ajay/server/node_modules/express/lib/router/index.js:286:9
    at Function.process_params (/Users/pavitarsharma/Desktop/ajay/server/node_modules/express/lib/router/index.js:346:12)
    at next (/Users/pavitarsharma/Desktop/ajay/server/node_modules/express/lib/router/index.js:280:10)
    at Function.handle (/Users/pavitarsharma/Desktop/ajay/server/node_modules/express/lib/router/index.js:175:3)
    at router (/Users/pavitarsharma/Desktop/ajay/server/node_modules/express/lib/router/index.js:47:12)
    at Layer.handle [as handle_request] (/Users/pavitarsharma/Desktop/ajay/server/node_modules/express/lib/router/layer.js:95:5)
[2024-02-24T16:43:32.704Z] [31merror[39m: unhandledRejection: jwt malformed
JsonWebTokenError: jwt malformed
    at module.exports [as verify] (/Users/pavitarsharma/Desktop/ajay/server/node_modules/jsonwebtoken/verify.js:70:17)
    at isAuthenticated (file:///Users/pavitarsharma/Desktop/ajay/server/src/middlewares/auth.js:20:23)
    at Layer.handle [as handle_request] (/Users/pavitarsharma/Desktop/ajay/server/node_modules/express/lib/router/layer.js:95:5)
    at trim_prefix (/Users/pavitarsharma/Desktop/ajay/server/node_modules/express/lib/router/index.js:328:13)
    at /Users/pavitarsharma/Desktop/ajay/server/node_modules/express/lib/router/index.js:286:9
    at Function.process_params (/Users/pavitarsharma/Desktop/ajay/server/node_modules/express/lib/router/index.js:346:12)
    at next (/Users/pavitarsharma/Desktop/ajay/server/node_modules/express/lib/router/index.js:280:10)
    at Function.handle (/Users/pavitarsharma/Desktop/ajay/server/node_modules/express/lib/router/index.js:175:3)
    at router (/Users/pavitarsharma/Desktop/ajay/server/node_modules/express/lib/router/index.js:47:12)
    at Layer.handle [as handle_request] (/Users/pavitarsharma/Desktop/ajay/server/node_modules/express/lib/router/layer.js:95:5)
[2024-02-24T17:06:14.738Z] [31merror[39m: unhandledRejection: jwt malformed
JsonWebTokenError: jwt malformed
    at module.exports [as verify] (/Users/pavitarsharma/Desktop/ajay/server/node_modules/jsonwebtoken/verify.js:70:17)
    at isAuthenticated (file:///Users/pavitarsharma/Desktop/ajay/server/src/middlewares/auth.js:20:23)
    at Layer.handle [as handle_request] (/Users/pavitarsharma/Desktop/ajay/server/node_modules/express/lib/router/layer.js:95:5)
    at trim_prefix (/Users/pavitarsharma/Desktop/ajay/server/node_modules/express/lib/router/index.js:328:13)
    at /Users/pavitarsharma/Desktop/ajay/server/node_modules/express/lib/router/index.js:286:9
    at Function.process_params (/Users/pavitarsharma/Desktop/ajay/server/node_modules/express/lib/router/index.js:346:12)
    at next (/Users/pavitarsharma/Desktop/ajay/server/node_modules/express/lib/router/index.js:280:10)
    at Function.handle (/Users/pavitarsharma/Desktop/ajay/server/node_modules/express/lib/router/index.js:175:3)
    at router (/Users/pavitarsharma/Desktop/ajay/server/node_modules/express/lib/router/index.js:47:12)
    at Layer.handle [as handle_request] (/Users/pavitarsharma/Desktop/ajay/server/node_modules/express/lib/router/layer.js:95:5)
[2024-02-24T17:06:46.073Z] [31merror[39m: unhandledRejection: jwt malformed
JsonWebTokenError: jwt malformed
    at module.exports [as verify] (/Users/pavitarsharma/Desktop/ajay/server/node_modules/jsonwebtoken/verify.js:70:17)
    at isAuthenticated (file:///Users/pavitarsharma/Desktop/ajay/server/src/middlewares/auth.js:20:23)
    at Layer.handle [as handle_request] (/Users/pavitarsharma/Desktop/ajay/server/node_modules/express/lib/router/layer.js:95:5)
    at trim_prefix (/Users/pavitarsharma/Desktop/ajay/server/node_modules/express/lib/router/index.js:328:13)
    at /Users/pavitarsharma/Desktop/ajay/server/node_modules/express/lib/router/index.js:286:9
    at Function.process_params (/Users/pavitarsharma/Desktop/ajay/server/node_modules/express/lib/router/index.js:346:12)
    at next (/Users/pavitarsharma/Desktop/ajay/server/node_modules/express/lib/router/index.js:280:10)
    at Function.handle (/Users/pavitarsharma/Desktop/ajay/server/node_modules/express/lib/router/index.js:175:3)
    at router (/Users/pavitarsharma/Desktop/ajay/server/node_modules/express/lib/router/index.js:47:12)
    at Layer.handle [as handle_request] (/Users/pavitarsharma/Desktop/ajay/server/node_modules/express/lib/router/layer.js:95:5)
[2024-02-25T01:32:48.903Z] [31merror[39m: unhandledRejection: jwt malformed
JsonWebTokenError: jwt malformed
    at module.exports [as verify] (/Users/pavitarsharma/Desktop/ajay/server/node_modules/jsonwebtoken/verify.js:70:17)
    at isAuthenticated (file:///Users/pavitarsharma/Desktop/ajay/server/src/middlewares/auth.js:20:23)
    at Layer.handle [as handle_request] (/Users/pavitarsharma/Desktop/ajay/server/node_modules/express/lib/router/layer.js:95:5)
    at trim_prefix (/Users/pavitarsharma/Desktop/ajay/server/node_modules/express/lib/router/index.js:328:13)
    at /Users/pavitarsharma/Desktop/ajay/server/node_modules/express/lib/router/index.js:286:9
    at Function.process_params (/Users/pavitarsharma/Desktop/ajay/server/node_modules/express/lib/router/index.js:346:12)
    at next (/Users/pavitarsharma/Desktop/ajay/server/node_modules/express/lib/router/index.js:280:10)
    at Function.handle (/Users/pavitarsharma/Desktop/ajay/server/node_modules/express/lib/router/index.js:175:3)
    at router (/Users/pavitarsharma/Desktop/ajay/server/node_modules/express/lib/router/index.js:47:12)
    at Layer.handle [as handle_request] (/Users/pavitarsharma/Desktop/ajay/server/node_modules/express/lib/router/layer.js:95:5)
[2024-02-25T01:33:38.865Z] [31merror[39m: unhandledRejection: jwt malformed
JsonWebTokenError: jwt malformed
    at module.exports [as verify] (/Users/pavitarsharma/Desktop/ajay/server/node_modules/jsonwebtoken/verify.js:70:17)
    at isAuthenticated (file:///Users/pavitarsharma/Desktop/ajay/server/src/middlewares/auth.js:20:23)
    at Layer.handle [as handle_request] (/Users/pavitarsharma/Desktop/ajay/server/node_modules/express/lib/router/layer.js:95:5)
    at trim_prefix (/Users/pavitarsharma/Desktop/ajay/server/node_modules/express/lib/router/index.js:328:13)
    at /Users/pavitarsharma/Desktop/ajay/server/node_modules/express/lib/router/index.js:286:9
    at Function.process_params (/Users/pavitarsharma/Desktop/ajay/server/node_modules/express/lib/router/index.js:346:12)
    at next (/Users/pavitarsharma/Desktop/ajay/server/node_modules/express/lib/router/index.js:280:10)
    at Function.handle (/Users/pavitarsharma/Desktop/ajay/server/node_modules/express/lib/router/index.js:175:3)
    at router (/Users/pavitarsharma/Desktop/ajay/server/node_modules/express/lib/router/index.js:47:12)
    at Layer.handle [as handle_request] (/Users/pavitarsharma/Desktop/ajay/server/node_modules/express/lib/router/layer.js:95:5)
[2024-02-25T01:35:00.409Z] [31merror[39m: unhandledRejection: jwt malformed
JsonWebTokenError: jwt malformed
    at module.exports [as verify] (/Users/pavitarsharma/Desktop/ajay/server/node_modules/jsonwebtoken/verify.js:70:17)
    at isAuthenticated (file:///Users/pavitarsharma/Desktop/ajay/server/src/middlewares/auth.js:20:23)
    at Layer.handle [as handle_request] (/Users/pavitarsharma/Desktop/ajay/server/node_modules/express/lib/router/layer.js:95:5)
    at trim_prefix (/Users/pavitarsharma/Desktop/ajay/server/node_modules/express/lib/router/index.js:328:13)
    at /Users/pavitarsharma/Desktop/ajay/server/node_modules/express/lib/router/index.js:286:9
    at Function.process_params (/Users/pavitarsharma/Desktop/ajay/server/node_modules/express/lib/router/index.js:346:12)
    at next (/Users/pavitarsharma/Desktop/ajay/server/node_modules/express/lib/router/index.js:280:10)
    at Function.handle (/Users/pavitarsharma/Desktop/ajay/server/node_modules/express/lib/router/index.js:175:3)
    at router (/Users/pavitarsharma/Desktop/ajay/server/node_modules/express/lib/router/index.js:47:12)
    at Layer.handle [as handle_request] (/Users/pavitarsharma/Desktop/ajay/server/node_modules/express/lib/router/layer.js:95:5)
[2024-02-25T01:35:23.794Z] [31merror[39m: unhandledRejection: jwt malformed
JsonWebTokenError: jwt malformed
    at module.exports [as verify] (/Users/pavitarsharma/Desktop/ajay/server/node_modules/jsonwebtoken/verify.js:70:17)
    at isAuthenticated (file:///Users/pavitarsharma/Desktop/ajay/server/src/middlewares/auth.js:20:23)
    at Layer.handle [as handle_request] (/Users/pavitarsharma/Desktop/ajay/server/node_modules/express/lib/router/layer.js:95:5)
    at trim_prefix (/Users/pavitarsharma/Desktop/ajay/server/node_modules/express/lib/router/index.js:328:13)
    at /Users/pavitarsharma/Desktop/ajay/server/node_modules/express/lib/router/index.js:286:9
    at Function.process_params (/Users/pavitarsharma/Desktop/ajay/server/node_modules/express/lib/router/index.js:346:12)
    at next (/Users/pavitarsharma/Desktop/ajay/server/node_modules/express/lib/router/index.js:280:10)
    at Function.handle (/Users/pavitarsharma/Desktop/ajay/server/node_modules/express/lib/router/index.js:175:3)
    at router (/Users/pavitarsharma/Desktop/ajay/server/node_modules/express/lib/router/index.js:47:12)
    at Layer.handle [as handle_request] (/Users/pavitarsharma/Desktop/ajay/server/node_modules/express/lib/router/layer.js:95:5)
[2024-02-25T01:39:08.047Z] [31merror[39m: unhandledRejection: jwt malformed
JsonWebTokenError: jwt malformed
    at module.exports [as verify] (/Users/pavitarsharma/Desktop/ajay/server/node_modules/jsonwebtoken/verify.js:70:17)
    at isAuthenticated (file:///Users/pavitarsharma/Desktop/ajay/server/src/middlewares/auth.js:20:23)
    at Layer.handle [as handle_request] (/Users/pavitarsharma/Desktop/ajay/server/node_modules/express/lib/router/layer.js:95:5)
    at trim_prefix (/Users/pavitarsharma/Desktop/ajay/server/node_modules/express/lib/router/index.js:328:13)
    at /Users/pavitarsharma/Desktop/ajay/server/node_modules/express/lib/router/index.js:286:9
    at Function.process_params (/Users/pavitarsharma/Desktop/ajay/server/node_modules/express/lib/router/index.js:346:12)
    at next (/Users/pavitarsharma/Desktop/ajay/server/node_modules/express/lib/router/index.js:280:10)
    at Function.handle (/Users/pavitarsharma/Desktop/ajay/server/node_modules/express/lib/router/index.js:175:3)
    at router (/Users/pavitarsharma/Desktop/ajay/server/node_modules/express/lib/router/index.js:47:12)
    at Layer.handle [as handle_request] (/Users/pavitarsharma/Desktop/ajay/server/node_modules/express/lib/router/layer.js:95:5)
[2024-02-25T01:41:44.818Z] [31merror[39m: unhandledRejection: jwt malformed
JsonWebTokenError: jwt malformed
    at module.exports [as verify] (/Users/pavitarsharma/Desktop/ajay/server/node_modules/jsonwebtoken/verify.js:70:17)
    at isAuthenticated (file:///Users/pavitarsharma/Desktop/ajay/server/src/middlewares/auth.js:20:23)
    at Layer.handle [as handle_request] (/Users/pavitarsharma/Desktop/ajay/server/node_modules/express/lib/router/layer.js:95:5)
    at trim_prefix (/Users/pavitarsharma/Desktop/ajay/server/node_modules/express/lib/router/index.js:328:13)
    at /Users/pavitarsharma/Desktop/ajay/server/node_modules/express/lib/router/index.js:286:9
    at Function.process_params (/Users/pavitarsharma/Desktop/ajay/server/node_modules/express/lib/router/index.js:346:12)
    at next (/Users/pavitarsharma/Desktop/ajay/server/node_modules/express/lib/router/index.js:280:10)
    at Function.handle (/Users/pavitarsharma/Desktop/ajay/server/node_modules/express/lib/router/index.js:175:3)
    at router (/Users/pavitarsharma/Desktop/ajay/server/node_modules/express/lib/router/index.js:47:12)
    at Layer.handle [as handle_request] (/Users/pavitarsharma/Desktop/ajay/server/node_modules/express/lib/router/layer.js:95:5)
[2024-02-25T01:49:10.150Z] [31merror[39m: unhandledRejection: jwt malformed
JsonWebTokenError: jwt malformed
    at module.exports [as verify] (/Users/pavitarsharma/Desktop/ajay/server/node_modules/jsonwebtoken/verify.js:70:17)
    at isAuthenticated (file:///Users/pavitarsharma/Desktop/ajay/server/src/middlewares/auth.js:20:23)
    at Layer.handle [as handle_request] (/Users/pavitarsharma/Desktop/ajay/server/node_modules/express/lib/router/layer.js:95:5)
    at trim_prefix (/Users/pavitarsharma/Desktop/ajay/server/node_modules/express/lib/router/index.js:328:13)
    at /Users/pavitarsharma/Desktop/ajay/server/node_modules/express/lib/router/index.js:286:9
    at Function.process_params (/Users/pavitarsharma/Desktop/ajay/server/node_modules/express/lib/router/index.js:346:12)
    at next (/Users/pavitarsharma/Desktop/ajay/server/node_modules/express/lib/router/index.js:280:10)
    at Function.handle (/Users/pavitarsharma/Desktop/ajay/server/node_modules/express/lib/router/index.js:175:3)
    at router (/Users/pavitarsharma/Desktop/ajay/server/node_modules/express/lib/router/index.js:47:12)
    at Layer.handle [as handle_request] (/Users/pavitarsharma/Desktop/ajay/server/node_modules/express/lib/router/layer.js:95:5)
[2024-02-25T01:52:37.687Z] [31merror[39m: unhandledRejection: jwt malformed
JsonWebTokenError: jwt malformed
    at module.exports [as verify] (/Users/pavitarsharma/Desktop/ajay/server/node_modules/jsonwebtoken/verify.js:70:17)
    at isAuthenticated (file:///Users/pavitarsharma/Desktop/ajay/server/src/middlewares/auth.js:20:23)
    at Layer.handle [as handle_request] (/Users/pavitarsharma/Desktop/ajay/server/node_modules/express/lib/router/layer.js:95:5)
    at trim_prefix (/Users/pavitarsharma/Desktop/ajay/server/node_modules/express/lib/router/index.js:328:13)
    at /Users/pavitarsharma/Desktop/ajay/server/node_modules/express/lib/router/index.js:286:9
    at Function.process_params (/Users/pavitarsharma/Desktop/ajay/server/node_modules/express/lib/router/index.js:346:12)
    at next (/Users/pavitarsharma/Desktop/ajay/server/node_modules/express/lib/router/index.js:280:10)
    at Function.handle (/Users/pavitarsharma/Desktop/ajay/server/node_modules/express/lib/router/index.js:175:3)
    at router (/Users/pavitarsharma/Desktop/ajay/server/node_modules/express/lib/router/index.js:47:12)
    at Layer.handle [as handle_request] (/Users/pavitarsharma/Desktop/ajay/server/node_modules/express/lib/router/layer.js:95:5)
[2024-02-25T01:56:57.194Z] [31merror[39m: uncaughtException: listen EADDRINUSE: address already in use :::5000
Error: listen EADDRINUSE: address already in use :::5000
    at Server.setupListenHandle [as _listen2] (node:net:1893:16)
    at listenInCluster (node:net:1941:12)
    at Server.listen (node:net:2029:7)
    at Function.listen (/Users/pavitarsharma/Desktop/ajay/server/node_modules/express/lib/application.js:635:24)
    at file:///Users/pavitarsharma/Desktop/ajay/server/src/index.js:11:5
    at ModuleJob.run (node:internal/modules/esm/module_job:218:25)
    at async ModuleLoader.import (node:internal/modules/esm/loader:323:24)
    at async loadESM (node:internal/process/esm_loader:28:7)
    at async handleMainPromise (node:internal/modules/run_main:120:12)
[2024-02-25T01:57:03.722Z] [31merror[39m: unhandledRejection: jwt malformed
JsonWebTokenError: jwt malformed
    at module.exports [as verify] (/Users/pavitarsharma/Desktop/ajay/server/node_modules/jsonwebtoken/verify.js:70:17)
    at isAuthenticated (file:///Users/pavitarsharma/Desktop/ajay/server/src/middlewares/auth.js:20:23)
    at Layer.handle [as handle_request] (/Users/pavitarsharma/Desktop/ajay/server/node_modules/express/lib/router/layer.js:95:5)
    at trim_prefix (/Users/pavitarsharma/Desktop/ajay/server/node_modules/express/lib/router/index.js:328:13)
    at /Users/pavitarsharma/Desktop/ajay/server/node_modules/express/lib/router/index.js:286:9
    at Function.process_params (/Users/pavitarsharma/Desktop/ajay/server/node_modules/express/lib/router/index.js:346:12)
    at next (/Users/pavitarsharma/Desktop/ajay/server/node_modules/express/lib/router/index.js:280:10)
    at Function.handle (/Users/pavitarsharma/Desktop/ajay/server/node_modules/express/lib/router/index.js:175:3)
    at router (/Users/pavitarsharma/Desktop/ajay/server/node_modules/express/lib/router/index.js:47:12)
    at Layer.handle [as handle_request] (/Users/pavitarsharma/Desktop/ajay/server/node_modules/express/lib/router/layer.js:95:5)
[2024-02-25T01:57:52.925Z] [31merror[39m: uncaughtException: listen EADDRINUSE: address already in use :::5000
Error: listen EADDRINUSE: address already in use :::5000
    at Server.setupListenHandle [as _listen2] (node:net:1893:16)
    at listenInCluster (node:net:1941:12)
    at Server.listen (node:net:2029:7)
    at Function.listen (/Users/pavitarsharma/Desktop/ajay/server/node_modules/express/lib/application.js:635:24)
    at file:///Users/pavitarsharma/Desktop/ajay/server/src/index.js:11:5
    at ModuleJob.run (node:internal/modules/esm/module_job:218:25)
    at async ModuleLoader.import (node:internal/modules/esm/loader:323:24)
    at async loadESM (node:internal/process/esm_loader:28:7)
    at async handleMainPromise (node:internal/modules/run_main:120:12)
[2024-02-25T01:57:56.390Z] [31merror[39m: uncaughtException: listen EADDRINUSE: address already in use :::5000
Error: listen EADDRINUSE: address already in use :::5000
    at Server.setupListenHandle [as _listen2] (node:net:1893:16)
    at listenInCluster (node:net:1941:12)
    at Server.listen (node:net:2029:7)
    at Function.listen (/Users/pavitarsharma/Desktop/ajay/server/node_modules/express/lib/application.js:635:24)
    at file:///Users/pavitarsharma/Desktop/ajay/server/src/index.js:11:5
    at ModuleJob.run (node:internal/modules/esm/module_job:218:25)
    at async ModuleLoader.import (node:internal/modules/esm/loader:323:24)
    at async loadESM (node:internal/process/esm_loader:28:7)
    at async handleMainPromise (node:internal/modules/run_main:120:12)
[2024-02-25T01:57:56.802Z] [31merror[39m: uncaughtException: listen EADDRINUSE: address already in use :::5000
Error: listen EADDRINUSE: address already in use :::5000
    at Server.setupListenHandle [as _listen2] (node:net:1893:16)
    at listenInCluster (node:net:1941:12)
    at Server.listen (node:net:2029:7)
    at Function.listen (/Users/pavitarsharma/Desktop/ajay/server/node_modules/express/lib/application.js:635:24)
    at file:///Users/pavitarsharma/Desktop/ajay/server/src/index.js:11:5
    at ModuleJob.run (node:internal/modules/esm/module_job:218:25)
    at async ModuleLoader.import (node:internal/modules/esm/loader:323:24)
    at async loadESM (node:internal/process/esm_loader:28:7)
    at async handleMainPromise (node:internal/modules/run_main:120:12)
[2024-02-25T01:58:00.149Z] [31merror[39m: uncaughtException: listen EADDRINUSE: address already in use :::5000
Error: listen EADDRINUSE: address already in use :::5000
    at Server.setupListenHandle [as _listen2] (node:net:1893:16)
    at listenInCluster (node:net:1941:12)
    at Server.listen (node:net:2029:7)
    at Function.listen (/Users/pavitarsharma/Desktop/ajay/server/node_modules/express/lib/application.js:635:24)
    at file:///Users/pavitarsharma/Desktop/ajay/server/src/index.js:11:5
    at ModuleJob.run (node:internal/modules/esm/module_job:218:25)
    at async ModuleLoader.import (node:internal/modules/esm/loader:323:24)
    at async loadESM (node:internal/process/esm_loader:28:7)
    at async handleMainPromise (node:internal/modules/run_main:120:12)
[2024-02-25T04:38:06.365Z] [31merror[39m: uncaughtException: listen EADDRINUSE: address already in use :::5000
Error: listen EADDRINUSE: address already in use :::5000
    at Server.setupListenHandle [as _listen2] (node:net:1893:16)
    at listenInCluster (node:net:1941:12)
    at Server.listen (node:net:2029:7)
    at Function.listen (/Users/pavitarsharma/Desktop/ajay/server/node_modules/express/lib/application.js:635:24)
    at file:///Users/pavitarsharma/Desktop/ajay/server/src/index.js:11:5
    at ModuleJob.run (node:internal/modules/esm/module_job:218:25)
    at async ModuleLoader.import (node:internal/modules/esm/loader:323:24)
    at async loadESM (node:internal/process/esm_loader:28:7)
    at async handleMainPromise (node:internal/modules/run_main:120:12)
[2024-02-25T07:59:02.626Z] [31merror[39m: uncaughtException: listen EADDRINUSE: address already in use :::5000
Error: listen EADDRINUSE: address already in use :::5000
    at Server.setupListenHandle [as _listen2] (node:net:1893:16)
    at listenInCluster (node:net:1941:12)
    at Server.listen (node:net:2029:7)
    at Function.listen (/Users/pavitarsharma/Desktop/ajay/server/node_modules/express/lib/application.js:635:24)
    at file:///Users/pavitarsharma/Desktop/ajay/server/src/index.js:11:5
    at ModuleJob.run (node:internal/modules/esm/module_job:218:25)
    at async ModuleLoader.import (node:internal/modules/esm/loader:323:24)
    at async loadESM (node:internal/process/esm_loader:28:7)
    at async handleMainPromise (node:internal/modules/run_main:120:12)
[2024-02-25T08:01:32.265Z] [31merror[39m: uncaughtException: listen EADDRINUSE: address already in use :::5000
Error: listen EADDRINUSE: address already in use :::5000
    at Server.setupListenHandle [as _listen2] (node:net:1893:16)
    at listenInCluster (node:net:1941:12)
    at Server.listen (node:net:2029:7)
    at Function.listen (/Users/pavitarsharma/Desktop/ajay/server/node_modules/express/lib/application.js:635:24)
    at file:///Users/pavitarsharma/Desktop/ajay/server/src/index.js:11:5
    at ModuleJob.run (node:internal/modules/esm/module_job:218:25)
    at async ModuleLoader.import (node:internal/modules/esm/loader:323:24)
    at async loadESM (node:internal/process/esm_loader:28:7)
    at async handleMainPromise (node:internal/modules/run_main:120:12)
[2024-02-25T08:02:07.929Z] [31merror[39m: uncaughtException: MongooseSchema is not defined
ReferenceError: MongooseSchema is not defined
    at file:///Users/pavitarsharma/Desktop/ajay/server/src/models/customer.model.js:28:17
    at ModuleJob.run (node:internal/modules/esm/module_job:218:25)
    at async ModuleLoader.import (node:internal/modules/esm/loader:323:24)
    at async loadESM (node:internal/process/esm_loader:28:7)
    at async handleMainPromise (node:internal/modules/run_main:120:12)
[2024-02-25T08:02:07.929Z] [31merror[39m: uncaughtException: MongooseSchema is not defined
ReferenceError: MongooseSchema is not defined
    at file:///Users/pavitarsharma/Desktop/ajay/server/src/models/customer.model.js:28:17
    at ModuleJob.run (node:internal/modules/esm/module_job:218:25)
    at async ModuleLoader.import (node:internal/modules/esm/loader:323:24)
    at async loadESM (node:internal/process/esm_loader:28:7)
    at async handleMainPromise (node:internal/modules/run_main:120:12)
[2024-02-25T08:03:16.595Z] [31merror[39m: uncaughtException: MongooseSchema is not defined
ReferenceError: MongooseSchema is not defined
    at file:///Users/pavitarsharma/Desktop/ajay/server/src/models/customer.model.js:28:17
    at ModuleJob.run (node:internal/modules/esm/module_job:218:25)
    at async ModuleLoader.import (node:internal/modules/esm/loader:323:24)
    at async loadESM (node:internal/process/esm_loader:28:7)
    at async handleMainPromise (node:internal/modules/run_main:120:12)
[2024-02-25T08:03:16.595Z] [31merror[39m: uncaughtException: MongooseSchema is not defined
ReferenceError: MongooseSchema is not defined
    at file:///Users/pavitarsharma/Desktop/ajay/server/src/models/customer.model.js:28:17
    at ModuleJob.run (node:internal/modules/esm/module_job:218:25)
    at async ModuleLoader.import (node:internal/modules/esm/loader:323:24)
    at async loadESM (node:internal/process/esm_loader:28:7)
    at async handleMainPromise (node:internal/modules/run_main:120:12)
[2024-02-25T08:08:35.450Z] [31merror[39m: uncaughtException: MongooseSchema is not defined
ReferenceError: MongooseSchema is not defined
    at file:///Users/pavitarsharma/Desktop/ajay/server/src/models/customer.model.js:28:17
    at ModuleJob.run (node:internal/modules/esm/module_job:218:25)
    at async ModuleLoader.import (node:internal/modules/esm/loader:323:24)
    at async loadESM (node:internal/process/esm_loader:28:7)
    at async handleMainPromise (node:internal/modules/run_main:120:12)
[2024-02-25T08:08:35.450Z] [31merror[39m: uncaughtException: MongooseSchema is not defined
ReferenceError: MongooseSchema is not defined
    at file:///Users/pavitarsharma/Desktop/ajay/server/src/models/customer.model.js:28:17
    at ModuleJob.run (node:internal/modules/esm/module_job:218:25)
    at async ModuleLoader.import (node:internal/modules/esm/loader:323:24)
    at async loadESM (node:internal/process/esm_loader:28:7)
    at async handleMainPromise (node:internal/modules/run_main:120:12)
[2024-02-25T08:09:08.223Z] [31merror[39m: uncaughtException: MongooseSchema is not defined
ReferenceError: MongooseSchema is not defined
    at file:///Users/pavitarsharma/Desktop/ajay/server/src/models/customer.model.js:28:17
    at ModuleJob.run (node:internal/modules/esm/module_job:218:25)
    at async ModuleLoader.import (node:internal/modules/esm/loader:323:24)
    at async loadESM (node:internal/process/esm_loader:28:7)
    at async handleMainPromise (node:internal/modules/run_main:120:12)
[2024-02-25T08:09:08.223Z] [31merror[39m: uncaughtException: MongooseSchema is not defined
ReferenceError: MongooseSchema is not defined
    at file:///Users/pavitarsharma/Desktop/ajay/server/src/models/customer.model.js:28:17
    at ModuleJob.run (node:internal/modules/esm/module_job:218:25)
    at async ModuleLoader.import (node:internal/modules/esm/loader:323:24)
    at async loadESM (node:internal/process/esm_loader:28:7)
    at async handleMainPromise (node:internal/modules/run_main:120:12)
[2024-02-25T08:11:03.512Z] [31merror[39m: uncaughtException: MongooseSchema is not defined
ReferenceError: MongooseSchema is not defined
    at file:///Users/pavitarsharma/Desktop/ajay/server/src/models/customer.model.js:28:17
    at ModuleJob.run (node:internal/modules/esm/module_job:218:25)
    at async ModuleLoader.import (node:internal/modules/esm/loader:323:24)
    at async loadESM (node:internal/process/esm_loader:28:7)
    at async handleMainPromise (node:internal/modules/run_main:120:12)
[2024-02-25T08:11:03.512Z] [31merror[39m: uncaughtException: MongooseSchema is not defined
ReferenceError: MongooseSchema is not defined
    at file:///Users/pavitarsharma/Desktop/ajay/server/src/models/customer.model.js:28:17
    at ModuleJob.run (node:internal/modules/esm/module_job:218:25)
    at async ModuleLoader.import (node:internal/modules/esm/loader:323:24)
    at async loadESM (node:internal/process/esm_loader:28:7)
    at async handleMainPromise (node:internal/modules/run_main:120:12)
[2024-02-25T08:14:48.593Z] [31merror[39m: uncaughtException: MongooseSchema is not defined
ReferenceError: MongooseSchema is not defined
    at file:///Users/pavitarsharma/Desktop/ajay/server/src/models/customer.model.js:28:17
    at ModuleJob.run (node:internal/modules/esm/module_job:218:25)
    at async ModuleLoader.import (node:internal/modules/esm/loader:323:24)
    at async loadESM (node:internal/process/esm_loader:28:7)
    at async handleMainPromise (node:internal/modules/run_main:120:12)
[2024-02-25T08:14:48.593Z] [31merror[39m: uncaughtException: MongooseSchema is not defined
ReferenceError: MongooseSchema is not defined
    at file:///Users/pavitarsharma/Desktop/ajay/server/src/models/customer.model.js:28:17
    at ModuleJob.run (node:internal/modules/esm/module_job:218:25)
    at async ModuleLoader.import (node:internal/modules/esm/loader:323:24)
    at async loadESM (node:internal/process/esm_loader:28:7)
    at async handleMainPromise (node:internal/modules/run_main:120:12)
[2024-02-25T08:14:53.433Z] [31merror[39m: uncaughtException: MongooseSchema is not defined
ReferenceError: MongooseSchema is not defined
    at file:///Users/pavitarsharma/Desktop/ajay/server/src/models/customer.model.js:28:17
    at ModuleJob.run (node:internal/modules/esm/module_job:218:25)
    at async ModuleLoader.import (node:internal/modules/esm/loader:323:24)
    at async loadESM (node:internal/process/esm_loader:28:7)
    at async handleMainPromise (node:internal/modules/run_main:120:12)
[2024-02-25T08:14:53.433Z] [31merror[39m: uncaughtException: MongooseSchema is not defined
ReferenceError: MongooseSchema is not defined
    at file:///Users/pavitarsharma/Desktop/ajay/server/src/models/customer.model.js:28:17
    at ModuleJob.run (node:internal/modules/esm/module_job:218:25)
    at async ModuleLoader.import (node:internal/modules/esm/loader:323:24)
    at async loadESM (node:internal/process/esm_loader:28:7)
    at async handleMainPromise (node:internal/modules/run_main:120:12)
[2024-02-25T08:14:58.964Z] [31merror[39m: uncaughtException: MongooseSchema is not defined
ReferenceError: MongooseSchema is not defined
    at file:///Users/pavitarsharma/Desktop/ajay/server/src/models/customer.model.js:28:17
    at ModuleJob.run (node:internal/modules/esm/module_job:218:25)
    at async ModuleLoader.import (node:internal/modules/esm/loader:323:24)
    at async loadESM (node:internal/process/esm_loader:28:7)
    at async handleMainPromise (node:internal/modules/run_main:120:12)
[2024-02-25T08:14:58.965Z] [31merror[39m: uncaughtException: MongooseSchema is not defined
ReferenceError: MongooseSchema is not defined
    at file:///Users/pavitarsharma/Desktop/ajay/server/src/models/customer.model.js:28:17
    at ModuleJob.run (node:internal/modules/esm/module_job:218:25)
    at async ModuleLoader.import (node:internal/modules/esm/loader:323:24)
    at async loadESM (node:internal/process/esm_loader:28:7)
    at async handleMainPromise (node:internal/modules/run_main:120:12)
[2024-02-25T08:15:01.565Z] [31merror[39m: uncaughtException: MongooseSchema is not defined
ReferenceError: MongooseSchema is not defined
    at file:///Users/pavitarsharma/Desktop/ajay/server/src/models/customer.model.js:28:17
    at ModuleJob.run (node:internal/modules/esm/module_job:218:25)
    at async ModuleLoader.import (node:internal/modules/esm/loader:323:24)
    at async loadESM (node:internal/process/esm_loader:28:7)
    at async handleMainPromise (node:internal/modules/run_main:120:12)
[2024-02-25T08:15:01.565Z] [31merror[39m: uncaughtException: MongooseSchema is not defined
ReferenceError: MongooseSchema is not defined
    at file:///Users/pavitarsharma/Desktop/ajay/server/src/models/customer.model.js:28:17
    at ModuleJob.run (node:internal/modules/esm/module_job:218:25)
    at async ModuleLoader.import (node:internal/modules/esm/loader:323:24)
    at async loadESM (node:internal/process/esm_loader:28:7)
    at async handleMainPromise (node:internal/modules/run_main:120:12)
[2024-02-25T08:15:08.259Z] [31merror[39m: uncaughtException: MongooseSchema is not defined
ReferenceError: MongooseSchema is not defined
    at file:///Users/pavitarsharma/Desktop/ajay/server/src/models/customer.model.js:28:17
    at ModuleJob.run (node:internal/modules/esm/module_job:218:25)
    at async ModuleLoader.import (node:internal/modules/esm/loader:323:24)
    at async loadESM (node:internal/process/esm_loader:28:7)
    at async handleMainPromise (node:internal/modules/run_main:120:12)
[2024-02-25T08:15:08.260Z] [31merror[39m: uncaughtException: MongooseSchema is not defined
ReferenceError: MongooseSchema is not defined
    at file:///Users/pavitarsharma/Desktop/ajay/server/src/models/customer.model.js:28:17
    at ModuleJob.run (node:internal/modules/esm/module_job:218:25)
    at async ModuleLoader.import (node:internal/modules/esm/loader:323:24)
    at async loadESM (node:internal/process/esm_loader:28:7)
    at async handleMainPromise (node:internal/modules/run_main:120:12)
[2024-02-25T08:15:55.540Z] [31merror[39m: uncaughtException: MongooseSchema is not defined
ReferenceError: MongooseSchema is not defined
    at file:///Users/pavitarsharma/Desktop/ajay/server/src/models/customer.model.js:28:17
    at ModuleJob.run (node:internal/modules/esm/module_job:218:25)
    at async ModuleLoader.import (node:internal/modules/esm/loader:323:24)
    at async loadESM (node:internal/process/esm_loader:28:7)
    at async handleMainPromise (node:internal/modules/run_main:120:12)
[2024-02-25T08:15:55.540Z] [31merror[39m: uncaughtException: MongooseSchema is not defined
ReferenceError: MongooseSchema is not defined
    at file:///Users/pavitarsharma/Desktop/ajay/server/src/models/customer.model.js:28:17
    at ModuleJob.run (node:internal/modules/esm/module_job:218:25)
    at async ModuleLoader.import (node:internal/modules/esm/loader:323:24)
    at async loadESM (node:internal/process/esm_loader:28:7)
    at async handleMainPromise (node:internal/modules/run_main:120:12)
[2024-02-25T08:16:38.482Z] [31merror[39m: uncaughtException: MongooseSchema is not defined
ReferenceError: MongooseSchema is not defined
    at file:///Users/pavitarsharma/Desktop/ajay/server/src/models/customer.model.js:28:17
    at ModuleJob.run (node:internal/modules/esm/module_job:218:25)
    at async ModuleLoader.import (node:internal/modules/esm/loader:323:24)
    at async loadESM (node:internal/process/esm_loader:28:7)
    at async handleMainPromise (node:internal/modules/run_main:120:12)
[2024-02-25T08:16:38.482Z] [31merror[39m: uncaughtException: MongooseSchema is not defined
ReferenceError: MongooseSchema is not defined
    at file:///Users/pavitarsharma/Desktop/ajay/server/src/models/customer.model.js:28:17
    at ModuleJob.run (node:internal/modules/esm/module_job:218:25)
    at async ModuleLoader.import (node:internal/modules/esm/loader:323:24)
    at async loadESM (node:internal/process/esm_loader:28:7)
    at async handleMainPromise (node:internal/modules/run_main:120:12)
[2024-02-25T08:16:45.234Z] [31merror[39m: uncaughtException: MongooseSchema is not defined
ReferenceError: MongooseSchema is not defined
    at file:///Users/pavitarsharma/Desktop/ajay/server/src/models/customer.model.js:28:17
    at ModuleJob.run (node:internal/modules/esm/module_job:218:25)
    at async ModuleLoader.import (node:internal/modules/esm/loader:323:24)
    at async loadESM (node:internal/process/esm_loader:28:7)
    at async handleMainPromise (node:internal/modules/run_main:120:12)
[2024-02-25T08:16:45.235Z] [31merror[39m: uncaughtException: MongooseSchema is not defined
ReferenceError: MongooseSchema is not defined
    at file:///Users/pavitarsharma/Desktop/ajay/server/src/models/customer.model.js:28:17
    at ModuleJob.run (node:internal/modules/esm/module_job:218:25)
    at async ModuleLoader.import (node:internal/modules/esm/loader:323:24)
    at async loadESM (node:internal/process/esm_loader:28:7)
    at async handleMainPromise (node:internal/modules/run_main:120:12)
[2024-02-25T08:17:25.540Z] [31merror[39m: uncaughtException: MongooseSchema is not defined
ReferenceError: MongooseSchema is not defined
    at file:///Users/pavitarsharma/Desktop/ajay/server/src/models/customer.model.js:28:17
    at ModuleJob.run (node:internal/modules/esm/module_job:218:25)
    at async ModuleLoader.import (node:internal/modules/esm/loader:323:24)
    at async loadESM (node:internal/process/esm_loader:28:7)
    at async handleMainPromise (node:internal/modules/run_main:120:12)
[2024-02-25T08:17:47.143Z] [31merror[39m: uncaughtException: MongooseSchema is not defined
ReferenceError: MongooseSchema is not defined
    at file:///Users/pavitarsharma/Desktop/ajay/server/src/models/customer.model.js:28:17
    at ModuleJob.run (node:internal/modules/esm/module_job:218:25)
    at async ModuleLoader.import (node:internal/modules/esm/loader:323:24)
    at async loadESM (node:internal/process/esm_loader:28:7)
    at async handleMainPromise (node:internal/modules/run_main:120:12)
[2024-02-25T08:18:17.691Z] [31merror[39m: uncaughtException: MongooseSchema is not defined
ReferenceError: MongooseSchema is not defined
    at file:///Users/pavitarsharma/Desktop/ajay/server/src/models/customer.model.js:28:17
    at ModuleJob.run (node:internal/modules/esm/module_job:218:25)
    at async ModuleLoader.import (node:internal/modules/esm/loader:323:24)
    at async loadESM (node:internal/process/esm_loader:28:7)
    at async handleMainPromise (node:internal/modules/run_main:120:12)
[2024-02-25T08:18:20.887Z] [31merror[39m: uncaughtException: MongooseSchema is not defined
ReferenceError: MongooseSchema is not defined
    at file:///Users/pavitarsharma/Desktop/ajay/server/src/models/customer.model.js:28:17
    at ModuleJob.run (node:internal/modules/esm/module_job:218:25)
    at async ModuleLoader.import (node:internal/modules/esm/loader:323:24)
    at async loadESM (node:internal/process/esm_loader:28:7)
    at async handleMainPromise (node:internal/modules/run_main:120:12)
[2024-02-25T08:18:25.863Z] [31merror[39m: uncaughtException: MongooseSchema is not defined
ReferenceError: MongooseSchema is not defined
    at file:///Users/pavitarsharma/Desktop/ajay/server/src/models/customer.model.js:28:17
    at ModuleJob.run (node:internal/modules/esm/module_job:218:25)
    at async ModuleLoader.import (node:internal/modules/esm/loader:323:24)
    at async loadESM (node:internal/process/esm_loader:28:7)
    at async handleMainPromise (node:internal/modules/run_main:120:12)
[2024-02-25T08:18:25.867Z] [31merror[39m: uncaughtException: MongooseSchema is not defined
ReferenceError: MongooseSchema is not defined
    at file:///Users/pavitarsharma/Desktop/ajay/server/src/models/customer.model.js:28:17
    at ModuleJob.run (node:internal/modules/esm/module_job:218:25)
    at async ModuleLoader.import (node:internal/modules/esm/loader:323:24)
    at async loadESM (node:internal/process/esm_loader:28:7)
    at async handleMainPromise (node:internal/modules/run_main:120:12)
[2024-02-25T08:22:33.039Z] [31merror[39m: uncaughtException: MongooseSchema is not defined
ReferenceError: MongooseSchema is not defined
    at file:///Users/pavitarsharma/Desktop/ajay/server/src/models/customer.model.js:28:17
    at ModuleJob.run (node:internal/modules/esm/module_job:218:25)
    at async ModuleLoader.import (node:internal/modules/esm/loader:323:24)
    at async loadESM (node:internal/process/esm_loader:28:7)
    at async handleMainPromise (node:internal/modules/run_main:120:12)
[2024-02-25T08:22:33.039Z] [31merror[39m: uncaughtException: MongooseSchema is not defined
ReferenceError: MongooseSchema is not defined
    at file:///Users/pavitarsharma/Desktop/ajay/server/src/models/customer.model.js:28:17
    at ModuleJob.run (node:internal/modules/esm/module_job:218:25)
    at async ModuleLoader.import (node:internal/modules/esm/loader:323:24)
    at async loadESM (node:internal/process/esm_loader:28:7)
    at async handleMainPromise (node:internal/modules/run_main:120:12)
[2024-02-25T08:32:13.970Z] [31merror[39m: uncaughtException: MongooseSchema is not defined
ReferenceError: MongooseSchema is not defined
    at file:///Users/pavitarsharma/Desktop/ajay/server/src/models/customer.model.js:28:17
    at ModuleJob.run (node:internal/modules/esm/module_job:218:25)
    at async ModuleLoader.import (node:internal/modules/esm/loader:323:24)
    at async loadESM (node:internal/process/esm_loader:28:7)
    at async handleMainPromise (node:internal/modules/run_main:120:12)
[2024-02-25T08:32:13.970Z] [31merror[39m: uncaughtException: MongooseSchema is not defined
ReferenceError: MongooseSchema is not defined
    at file:///Users/pavitarsharma/Desktop/ajay/server/src/models/customer.model.js:28:17
    at ModuleJob.run (node:internal/modules/esm/module_job:218:25)
    at async ModuleLoader.import (node:internal/modules/esm/loader:323:24)
    at async loadESM (node:internal/process/esm_loader:28:7)
    at async handleMainPromise (node:internal/modules/run_main:120:12)
[2024-02-25T08:34:06.715Z] [31merror[39m: uncaughtException: MongooseSchema is not defined
ReferenceError: MongooseSchema is not defined
    at file:///Users/pavitarsharma/Desktop/ajay/server/src/models/customer.model.js:28:17
    at ModuleJob.run (node:internal/modules/esm/module_job:218:25)
    at async ModuleLoader.import (node:internal/modules/esm/loader:323:24)
    at async loadESM (node:internal/process/esm_loader:28:7)
    at async handleMainPromise (node:internal/modules/run_main:120:12)
[2024-02-25T08:34:18.441Z] [31merror[39m: uncaughtException: MongooseSchema is not defined
ReferenceError: MongooseSchema is not defined
    at file:///Users/pavitarsharma/Desktop/ajay/server/src/models/customer.model.js:28:17
    at ModuleJob.run (node:internal/modules/esm/module_job:218:25)
    at async ModuleLoader.import (node:internal/modules/esm/loader:323:24)
    at async loadESM (node:internal/process/esm_loader:28:7)
    at async handleMainPromise (node:internal/modules/run_main:120:12)
[2024-02-25T08:34:18.441Z] [31merror[39m: uncaughtException: MongooseSchema is not defined
ReferenceError: MongooseSchema is not defined
    at file:///Users/pavitarsharma/Desktop/ajay/server/src/models/customer.model.js:28:17
    at ModuleJob.run (node:internal/modules/esm/module_job:218:25)
    at async ModuleLoader.import (node:internal/modules/esm/loader:323:24)
    at async loadESM (node:internal/process/esm_loader:28:7)
    at async handleMainPromise (node:internal/modules/run_main:120:12)
[2024-02-25T08:34:43.423Z] [31merror[39m: uncaughtException: MongooseSchema is not defined
ReferenceError: MongooseSchema is not defined
    at file:///Users/pavitarsharma/Desktop/ajay/server/src/models/customer.model.js:28:17
    at ModuleJob.run (node:internal/modules/esm/module_job:218:25)
    at async ModuleLoader.import (node:internal/modules/esm/loader:323:24)
    at async loadESM (node:internal/process/esm_loader:28:7)
    at async handleMainPromise (node:internal/modules/run_main:120:12)
[2024-02-25T08:38:27.113Z] [31merror[39m: uncaughtException: MongooseSchema is not defined
ReferenceError: MongooseSchema is not defined
    at file:///Users/pavitarsharma/Desktop/ajay/server/src/models/customer.model.js:28:17
    at ModuleJob.run (node:internal/modules/esm/module_job:218:25)
    at async ModuleLoader.import (node:internal/modules/esm/loader:323:24)
    at async loadESM (node:internal/process/esm_loader:28:7)
    at async handleMainPromise (node:internal/modules/run_main:120:12)
[2024-02-25T08:39:57.836Z] [31merror[39m: uncaughtException: MongooseSchema is not defined
ReferenceError: MongooseSchema is not defined
    at file:///Users/pavitarsharma/Desktop/ajay/server/src/models/customer.model.js:28:17
    at ModuleJob.run (node:internal/modules/esm/module_job:218:25)
    at async ModuleLoader.import (node:internal/modules/esm/loader:323:24)
    at async loadESM (node:internal/process/esm_loader:28:7)
    at async handleMainPromise (node:internal/modules/run_main:120:12)
[2024-02-25T09:07:09.244Z] [31merror[39m: uncaughtException: MongooseSchema is not defined
ReferenceError: MongooseSchema is not defined
    at file:///Users/pavitarsharma/Desktop/ajay/server/src/models/customer.model.js:28:17
    at ModuleJob.run (node:internal/modules/esm/module_job:218:25)
    at async ModuleLoader.import (node:internal/modules/esm/loader:323:24)
    at async loadESM (node:internal/process/esm_loader:28:7)
    at async handleMainPromise (node:internal/modules/run_main:120:12)
